# JRE version: OpenJDK Runtime Environment Temurin-17.0.2+8 (17.0.2+8) (build 17.0.2+8)
# Java VM: OpenJDK 64-Bit Server VM Temurin-17.0.2+8 (17.0.2+8, mixed mode, tiered, compressed oops, compressed class ptrs, g1 gc, windows-amd64)
GC Precious Log:
 CPUs: 8 total, 8 available
 Memory: 7941M
 Large Page Support: Disabled
 NUMA Support: Disabled
 Compressed Oops: Enabled (32-bit)
 Heap Region Size: 1M
 Heap Min Capacity: 8M
 Heap Initial Capacity: 126M
 Heap Max Capacity: 1986M
 Pre-touch: Disabled
 Parallel Workers: 8
 Concurrent Workers: 2
 Concurrent Refinement Workers: 8
 Periodic GC: Disabled
Heap:
 garbage-first heap   total 58368K, used 32944K [0x0000000083e00000, 0x0000000100000000)
  region size 1024K, 9 young (9216K), 1 survivors (1024K)
 Metaspace       used 69448K, committed 69824K, reserved 1114112K
  class space    used 8450K, committed 8640K, reserved 1048576K
GC Heap History (20 events):
Event: 426.474 GC heap before
{Heap before GC invocations=29 (full 0):
 garbage-first heap   total 58368K, used 50192K [0x0000000083e00000, 0x0000000100000000)
  region size 1024K, 25 young (25600K), 1 survivors (1024K)
 Metaspace       used 69430K, committed 69760K, reserved 1114112K
  class space    used 8446K, committed 8640K, reserved 1048576K
}
Event: 426.476 GC heap after
{Heap after GC invocations=30 (full 0):
 garbage-first heap   total 58368K, used 25616K [0x0000000083e00000, 0x0000000100000000)
  region size 1024K, 1 young (1024K), 1 survivors (1024K)
 Metaspace       used 69430K, committed 69760K, reserved 1114112K
  class space    used 8446K, committed 8640K, reserved 1048576K
}
Event: 427.632 GC heap before
{Heap before GC invocations=30 (full 0):
 garbage-first heap   total 58368K, used 50192K [0x0000000083e00000, 0x0000000100000000)
  region size 1024K, 25 young (25600K), 1 survivors (1024K)
 Metaspace       used 69431K, committed 69760K, reserved 1114112K
  class space    used 8446K, committed 8640K, reserved 1048576K
}
Event: 427.634 GC heap after
{Heap after GC invocations=31 (full 0):
 garbage-first heap   total 58368K, used 25624K [0x0000000083e00000, 0x0000000100000000)
  region size 1024K, 1 young (1024K), 1 survivors (1024K)
 Metaspace       used 69431K, committed 69760K, reserved 1114112K
  class space    used 8446K, committed 8640K, reserved 1048576K
}
Event: 428.780 GC heap before
{Heap before GC invocations=31 (full 0):
 garbage-first heap   total 58368K, used 50200K [0x0000000083e00000, 0x0000000100000000)
  region size 1024K, 25 young (25600K), 1 survivors (1024K)
 Metaspace       used 69433K, committed 69760K, reserved 1114112K
  class space    used 8446K, committed 8640K, reserved 1048576K
}
Event: 428.782 GC heap after
{Heap after GC invocations=32 (full 0):
 garbage-first heap   total 58368K, used 25628K [0x0000000083e00000, 0x0000000100000000)
  region size 1024K, 1 young (1024K), 1 survivors (1024K)
 Metaspace       used 69433K, committed 69760K, reserved 1114112K
  class space    used 8446K, committed 8640K, reserved 1048576K
}
Event: 429.805 GC heap before
{Heap before GC invocations=32 (full 0):
 garbage-first heap   total 58368K, used 50204K [0x0000000083e00000, 0x0000000100000000)
  region size 1024K, 25 young (25600K), 1 survivors (1024K)
 Metaspace       used 69439K, committed 69824K, reserved 1114112K
  class space    used 8446K, committed 8640K, reserved 1048576K
}
Event: 429.807 GC heap after
{Heap after GC invocations=33 (full 0):
 garbage-first heap   total 58368K, used 25647K [0x0000000083e00000, 0x0000000100000000)
  region size 1024K, 1 young (1024K), 1 survivors (1024K)
 Metaspace       used 69439K, committed 69824K, reserved 1114112K
  class space    used 8446K, committed 8640K, reserved 1048576K
}
Event: 430.894 GC heap before
{Heap before GC invocations=33 (full 0):
 garbage-first heap   total 58368K, used 50223K [0x0000000083e00000, 0x0000000100000000)
  region size 1024K, 25 young (25600K), 1 survivors (1024K)
 Metaspace       used 69439K, committed 69824K, reserved 1114112K
  class space    used 8446K, committed 8640K, reserved 1048576K
}
Event: 430.896 GC heap after
{Heap after GC invocations=34 (full 0):
 garbage-first heap   total 58368K, used 25652K [0x0000000083e00000, 0x0000000100000000)
  region size 1024K, 1 young (1024K), 1 survivors (1024K)
 Metaspace       used 69439K, committed 69824K, reserved 1114112K
  class space    used 8446K, committed 8640K, reserved 1048576K
}
Event: 431.885 GC heap before
{Heap before GC invocations=34 (full 0):
 garbage-first heap   total 58368K, used 49204K [0x0000000083e00000, 0x0000000100000000)
  region size 1024K, 24 young (24576K), 1 survivors (1024K)
 Metaspace       used 69439K, committed 69824K, reserved 1114112K
  class space    used 8446K, committed 8640K, reserved 1048576K
}
Event: 431.886 GC heap after
{Heap after GC invocations=35 (full 0):
 garbage-first heap   total 58368K, used 25672K [0x0000000083e00000, 0x0000000100000000)
  region size 1024K, 1 young (1024K), 1 survivors (1024K)
 Metaspace       used 69439K, committed 69824K, reserved 1114112K
  class space    used 8446K, committed 8640K, reserved 1048576K
}
Event: 433.084 GC heap before
{Heap before GC invocations=36 (full 0):
 garbage-first heap   total 58368K, used 49224K [0x0000000083e00000, 0x0000000100000000)
  region size 1024K, 24 young (24576K), 1 survivors (1024K)
 Metaspace       used 69440K, committed 69824K, reserved 1114112K
  class space    used 8447K, committed 8640K, reserved 1048576K
}
Event: 433.086 GC heap after
{Heap after GC invocations=37 (full 0):
 garbage-first heap   total 58368K, used 25670K [0x0000000083e00000, 0x0000000100000000)
  region size 1024K, 1 young (1024K), 1 survivors (1024K)
 Metaspace       used 69440K, committed 69824K, reserved 1114112K
  class space    used 8447K, committed 8640K, reserved 1048576K
}
Event: 434.232 GC heap before
{Heap before GC invocations=37 (full 0):
 garbage-first heap   total 58368K, used 49222K [0x0000000083e00000, 0x0000000100000000)
  region size 1024K, 24 young (24576K), 1 survivors (1024K)
 Metaspace       used 69448K, committed 69824K, reserved 1114112K
  class space    used 8450K, committed 8640K, reserved 1048576K
}
Event: 434.233 GC heap after
{Heap after GC invocations=38 (full 0):
 garbage-first heap   total 58368K, used 25760K [0x0000000083e00000, 0x0000000100000000)
  region size 1024K, 1 young (1024K), 1 survivors (1024K)
 Metaspace       used 69448K, committed 69824K, reserved 1114112K
  class space    used 8450K, committed 8640K, reserved 1048576K
}
Event: 435.438 GC heap before
{Heap before GC invocations=39 (full 0):
 garbage-first heap   total 58368K, used 49312K [0x0000000083e00000, 0x0000000100000000)
  region size 1024K, 24 young (24576K), 1 survivors (1024K)
 Metaspace       used 69448K, committed 69824K, reserved 1114112K
  class space    used 8450K, committed 8640K, reserved 1048576K
}
Event: 435.439 GC heap after
{Heap after GC invocations=40 (full 0):
 garbage-first heap   total 58368K, used 25767K [0x0000000083e00000, 0x0000000100000000)
  region size 1024K, 1 young (1024K), 1 survivors (1024K)
 Metaspace       used 69448K, committed 69824K, reserved 1114112K
  class space    used 8450K, committed 8640K, reserved 1048576K
}
Event: 436.378 GC heap before
{Heap before GC invocations=40 (full 0):
 garbage-first heap   total 58368K, used 49319K [0x0000000083e00000, 0x0000000100000000)
  region size 1024K, 24 young (24576K), 1 survivors (1024K)
 Metaspace       used 69448K, committed 69824K, reserved 1114112K
  class space    used 8450K, committed 8640K, reserved 1048576K
}
Event: 436.378 GC heap after
{Heap after GC invocations=41 (full 0):
 garbage-first heap   total 58368K, used 25776K [0x0000000083e00000, 0x0000000100000000)
  region size 1024K, 1 young (1024K), 1 survivors (1024K)
 Metaspace       used 69448K, committed 69824K, reserved 1114112K
  class space    used 8450K, committed 8640K, reserved 1048576K
}

